<?xml version="1.0" encoding="UTF-8"?>
<testsuite xmlns:xsi="http://www.w3.org/2001/XMLSchema-instance" xsi:noNamespaceSchemaLocation="https://maven.apache.org/surefire/maven-surefire-plugin/xsd/surefire-test-report.xsd" name="com.example.kafka.AppTest" time="0.036" tests="1" errors="0" skipped="0" failures="0">
  <properties>
    <property name="java.specification.version" value="19"/>
    <property name="sun.cpu.isalist" value="amd64"/>
    <property name="sun.jnu.encoding" value="Cp1252"/>
    <property name="java.class.path" value="D:\Java\RealTimeSocialMedia\kafka-producer\twitter-kafka-producer\target\test-classes;D:\Java\RealTimeSocialMedia\kafka-producer\twitter-kafka-producer\target\classes;C:\Users\Marco\.m2\repository\junit\junit\4.13.2\junit-4.13.2.jar;C:\Users\Marco\.m2\repository\org\hamcrest\hamcrest-core\1.3\hamcrest-core-1.3.jar;C:\Users\Marco\.m2\repository\org\apache\kafka\kafka-clients\3.0.0\kafka-clients-3.0.0.jar;C:\Users\Marco\.m2\repository\com\github\luben\zstd-jni\1.5.0-2\zstd-jni-1.5.0-2.jar;C:\Users\Marco\.m2\repository\org\lz4\lz4-java\1.7.1\lz4-java-1.7.1.jar;C:\Users\Marco\.m2\repository\org\xerial\snappy\snappy-java\1.1.8.1\snappy-java-1.1.8.1.jar;C:\Users\Marco\.m2\repository\org\slf4j\slf4j-api\1.7.30\slf4j-api-1.7.30.jar;C:\Users\Marco\.m2\repository\org\twitter4j\twitter4j-stream\4.0.7\twitter4j-stream-4.0.7.jar;C:\Users\Marco\.m2\repository\org\twitter4j\twitter4j-core\4.0.7\twitter4j-core-4.0.7.jar;C:\Users\Marco\.m2\repository\org\slf4j\slf4j-simple\1.7.30\slf4j-simple-1.7.30.jar;C:\Users\Marco\.m2\repository\org\apache\beam\beam-examples-java-twitter\2.60.0\beam-examples-java-twitter-2.60.0.jar;C:\Users\Marco\.m2\repository\org\checkerframework\checker-qual\3.42.0\checker-qual-3.42.0.jar;C:\Users\Marco\.m2\repository\org\apache\beam\beam-sdks-java-core\2.60.0\beam-sdks-java-core-2.60.0.jar;C:\Users\Marco\.m2\repository\org\apache\beam\beam-model-pipeline\2.60.0\beam-model-pipeline-2.60.0.jar;C:\Users\Marco\.m2\repository\com\google\auto\value\auto-value-annotations\1.8.2\auto-value-annotations-1.8.2.jar;C:\Users\Marco\.m2\repository\org\apache\httpcomponents\httpclient\4.5.13\httpclient-4.5.13.jar;C:\Users\Marco\.m2\repository\commons-logging\commons-logging\1.2\commons-logging-1.2.jar;C:\Users\Marco\.m2\repository\org\apache\httpcomponents\httpcore\4.4.15\httpcore-4.4.15.jar;C:\Users\Marco\.m2\repository\org\conscrypt\conscrypt-openjdk-uber\2.5.2\conscrypt-openjdk-uber-2.5.2.jar;C:\Users\Marco\.m2\repository\org\apache\beam\beam-model-fn-execution\2.60.0\beam-model-fn-execution-2.60.0.jar;C:\Users\Marco\.m2\repository\org\apache\beam\beam-model-job-management\2.60.0\beam-model-job-management-2.60.0.jar;C:\Users\Marco\.m2\repository\org\apache\beam\beam-sdks-java-transform-service-launcher\2.60.0\beam-sdks-java-transform-service-launcher-2.60.0.jar;C:\Users\Marco\.m2\repository\args4j\args4j\2.33\args4j-2.33.jar;C:\Users\Marco\.m2\repository\org\apache\beam\beam-vendor-grpc-1_60_1\0.2\beam-vendor-grpc-1_60_1-0.2.jar;C:\Users\Marco\.m2\repository\org\apache\beam\beam-vendor-guava-32_1_2-jre\0.1\beam-vendor-guava-32_1_2-jre-0.1.jar;C:\Users\Marco\.m2\repository\net\bytebuddy\byte-buddy\1.14.12\byte-buddy-1.14.12.jar;C:\Users\Marco\.m2\repository\org\antlr\antlr4-runtime\4.7\antlr4-runtime-4.7.jar;C:\Users\Marco\.m2\repository\org\apache\commons\commons-compress\1.26.2\commons-compress-1.26.2.jar;C:\Users\Marco\.m2\repository\commons-codec\commons-codec\1.17.0\commons-codec-1.17.0.jar;C:\Users\Marco\.m2\repository\commons-io\commons-io\2.16.1\commons-io-2.16.1.jar;C:\Users\Marco\.m2\repository\org\apache\commons\commons-lang3\3.14.0\commons-lang3-3.14.0.jar;C:\Users\Marco\.m2\repository\io\github\classgraph\classgraph\4.8.162\classgraph-4.8.162.jar;C:\Users\Marco\.m2\repository\com\google\code\findbugs\jsr305\3.0.2\jsr305-3.0.2.jar;C:\Users\Marco\.m2\repository\com\google\errorprone\error_prone_annotations\2.10.0\error_prone_annotations-2.10.0.jar;C:\Users\Marco\.m2\repository\com\fasterxml\jackson\core\jackson-core\2.15.4\jackson-core-2.15.4.jar;C:\Users\Marco\.m2\repository\com\fasterxml\jackson\core\jackson-annotations\2.15.4\jackson-annotations-2.15.4.jar;C:\Users\Marco\.m2\repository\com\fasterxml\jackson\core\jackson-databind\2.15.4\jackson-databind-2.15.4.jar;C:\Users\Marco\.m2\repository\joda-time\joda-time\2.10.14\joda-time-2.10.14.jar;"/>
    <property name="java.vm.vendor" value="Oracle Corporation"/>
    <property name="sun.arch.data.model" value="64"/>
    <property name="user.variant" value=""/>
    <property name="java.vendor.url" value="https://java.oracle.com/"/>
    <property name="user.timezone" value="America/New_York"/>
    <property name="os.name" value="Windows 10"/>
    <property name="java.vm.specification.version" value="19"/>
    <property name="sun.java.launcher" value="SUN_STANDARD"/>
    <property name="user.country" value="US"/>
    <property name="sun.boot.library.path" value="C:\Program Files\Java\jdk-19\bin"/>
    <property name="sun.java.command" value="C:\Users\Marco\AppData\Local\Temp\surefire525906269267809135\surefirebooter2893768563453011598.jar C:\Users\Marco\AppData\Local\Temp\surefire525906269267809135 2024-11-17T18-58-08_518-jvmRun1 surefire7233827247085047253tmp surefire_07292055703013312886tmp"/>
    <property name="jdk.debug" value="release"/>
    <property name="surefire.test.class.path" value="D:\Java\RealTimeSocialMedia\kafka-producer\twitter-kafka-producer\target\test-classes;D:\Java\RealTimeSocialMedia\kafka-producer\twitter-kafka-producer\target\classes;C:\Users\Marco\.m2\repository\junit\junit\4.13.2\junit-4.13.2.jar;C:\Users\Marco\.m2\repository\org\hamcrest\hamcrest-core\1.3\hamcrest-core-1.3.jar;C:\Users\Marco\.m2\repository\org\apache\kafka\kafka-clients\3.0.0\kafka-clients-3.0.0.jar;C:\Users\Marco\.m2\repository\com\github\luben\zstd-jni\1.5.0-2\zstd-jni-1.5.0-2.jar;C:\Users\Marco\.m2\repository\org\lz4\lz4-java\1.7.1\lz4-java-1.7.1.jar;C:\Users\Marco\.m2\repository\org\xerial\snappy\snappy-java\1.1.8.1\snappy-java-1.1.8.1.jar;C:\Users\Marco\.m2\repository\org\slf4j\slf4j-api\1.7.30\slf4j-api-1.7.30.jar;C:\Users\Marco\.m2\repository\org\twitter4j\twitter4j-stream\4.0.7\twitter4j-stream-4.0.7.jar;C:\Users\Marco\.m2\repository\org\twitter4j\twitter4j-core\4.0.7\twitter4j-core-4.0.7.jar;C:\Users\Marco\.m2\repository\org\slf4j\slf4j-simple\1.7.30\slf4j-simple-1.7.30.jar;C:\Users\Marco\.m2\repository\org\apache\beam\beam-examples-java-twitter\2.60.0\beam-examples-java-twitter-2.60.0.jar;C:\Users\Marco\.m2\repository\org\checkerframework\checker-qual\3.42.0\checker-qual-3.42.0.jar;C:\Users\Marco\.m2\repository\org\apache\beam\beam-sdks-java-core\2.60.0\beam-sdks-java-core-2.60.0.jar;C:\Users\Marco\.m2\repository\org\apache\beam\beam-model-pipeline\2.60.0\beam-model-pipeline-2.60.0.jar;C:\Users\Marco\.m2\repository\com\google\auto\value\auto-value-annotations\1.8.2\auto-value-annotations-1.8.2.jar;C:\Users\Marco\.m2\repository\org\apache\httpcomponents\httpclient\4.5.13\httpclient-4.5.13.jar;C:\Users\Marco\.m2\repository\commons-logging\commons-logging\1.2\commons-logging-1.2.jar;C:\Users\Marco\.m2\repository\org\apache\httpcomponents\httpcore\4.4.15\httpcore-4.4.15.jar;C:\Users\Marco\.m2\repository\org\conscrypt\conscrypt-openjdk-uber\2.5.2\conscrypt-openjdk-uber-2.5.2.jar;C:\Users\Marco\.m2\repository\org\apache\beam\beam-model-fn-execution\2.60.0\beam-model-fn-execution-2.60.0.jar;C:\Users\Marco\.m2\repository\org\apache\beam\beam-model-job-management\2.60.0\beam-model-job-management-2.60.0.jar;C:\Users\Marco\.m2\repository\org\apache\beam\beam-sdks-java-transform-service-launcher\2.60.0\beam-sdks-java-transform-service-launcher-2.60.0.jar;C:\Users\Marco\.m2\repository\args4j\args4j\2.33\args4j-2.33.jar;C:\Users\Marco\.m2\repository\org\apache\beam\beam-vendor-grpc-1_60_1\0.2\beam-vendor-grpc-1_60_1-0.2.jar;C:\Users\Marco\.m2\repository\org\apache\beam\beam-vendor-guava-32_1_2-jre\0.1\beam-vendor-guava-32_1_2-jre-0.1.jar;C:\Users\Marco\.m2\repository\net\bytebuddy\byte-buddy\1.14.12\byte-buddy-1.14.12.jar;C:\Users\Marco\.m2\repository\org\antlr\antlr4-runtime\4.7\antlr4-runtime-4.7.jar;C:\Users\Marco\.m2\repository\org\apache\commons\commons-compress\1.26.2\commons-compress-1.26.2.jar;C:\Users\Marco\.m2\repository\commons-codec\commons-codec\1.17.0\commons-codec-1.17.0.jar;C:\Users\Marco\.m2\repository\commons-io\commons-io\2.16.1\commons-io-2.16.1.jar;C:\Users\Marco\.m2\repository\org\apache\commons\commons-lang3\3.14.0\commons-lang3-3.14.0.jar;C:\Users\Marco\.m2\repository\io\github\classgraph\classgraph\4.8.162\classgraph-4.8.162.jar;C:\Users\Marco\.m2\repository\com\google\code\findbugs\jsr305\3.0.2\jsr305-3.0.2.jar;C:\Users\Marco\.m2\repository\com\google\errorprone\error_prone_annotations\2.10.0\error_prone_annotations-2.10.0.jar;C:\Users\Marco\.m2\repository\com\fasterxml\jackson\core\jackson-core\2.15.4\jackson-core-2.15.4.jar;C:\Users\Marco\.m2\repository\com\fasterxml\jackson\core\jackson-annotations\2.15.4\jackson-annotations-2.15.4.jar;C:\Users\Marco\.m2\repository\com\fasterxml\jackson\core\jackson-databind\2.15.4\jackson-databind-2.15.4.jar;C:\Users\Marco\.m2\repository\joda-time\joda-time\2.10.14\joda-time-2.10.14.jar;"/>
    <property name="sun.cpu.endian" value="little"/>
    <property name="user.home" value="C:\Users\Marco"/>
    <property name="user.language" value="en"/>
    <property name="java.specification.vendor" value="Oracle Corporation"/>
    <property name="java.version.date" value="2022-10-18"/>
    <property name="java.home" value="C:\Program Files\Java\jdk-19"/>
    <property name="file.separator" value="\"/>
    <property name="basedir" value="D:\Java\RealTimeSocialMedia\kafka-producer\twitter-kafka-producer"/>
    <property name="java.vm.compressedOopsMode" value="Zero based"/>
    <property name="line.separator" value="&#10;"/>
    <property name="java.vm.specification.vendor" value="Oracle Corporation"/>
    <property name="java.specification.name" value="Java Platform API Specification"/>
    <property name="surefire.real.class.path" value="C:\Users\Marco\AppData\Local\Temp\surefire525906269267809135\surefirebooter2893768563453011598.jar"/>
    <property name="user.script" value=""/>
    <property name="sun.management.compiler" value="HotSpot 64-Bit Tiered Compilers"/>
    <property name="java.runtime.version" value="19.0.1+10-21"/>
    <property name="user.name" value="Marco"/>
    <property name="stdout.encoding" value="Cp1252"/>
    <property name="path.separator" value=";"/>
    <property name="os.version" value="10.0"/>
    <property name="java.runtime.name" value="Java(TM) SE Runtime Environment"/>
    <property name="file.encoding" value="UTF-8"/>
    <property name="java.vm.name" value="Java HotSpot(TM) 64-Bit Server VM"/>
    <property name="localRepository" value="C:\Users\Marco\.m2\repository"/>
    <property name="java.vendor.url.bug" value="https://bugreport.java.com/bugreport/"/>
    <property name="java.io.tmpdir" value="C:\Users\Marco\AppData\Local\Temp\"/>
    <property name="java.version" value="19.0.1"/>
    <property name="user.dir" value="D:\Java\RealTimeSocialMedia\kafka-producer\twitter-kafka-producer"/>
    <property name="os.arch" value="amd64"/>
    <property name="java.vm.specification.name" value="Java Virtual Machine Specification"/>
    <property name="sun.os.patch.level" value=""/>
    <property name="native.encoding" value="Cp1252"/>
    <property name="java.library.path" value="C:\Program Files\Java\jdk-19\bin;C:\Windows\Sun\Java\bin;C:\Windows\system32;C:\Windows;C:\ProgramData\miniconda3;C:\ProgramData\miniconda3\Library\mingw-w64\bin;C:\ProgramData\miniconda3\Library\usr\bin;C:\ProgramData\miniconda3\Library\bin;C:\ProgramData\miniconda3\Scripts;C:\ProgramData\miniconda3\bin;C:\ProgramData\miniconda3\condabin;C:\Program Files (x86)\Razer Chroma SDK\bin;C:\Program Files\Razer Chroma SDK\bin;C:\Program Files (x86)\Razer\ChromaBroadcast\bin;C:\Program Files\Razer\ChromaBroadcast\bin;C:\Program Files\Common Files\Oracle\Java\javapath;C:\Windows\system32;C:\Windows;C:\Windows\System32\Wbem;C:\Windows\System32\WindowsPowerShell\v1.0;C:\Windows\System32\OpenSSH;C:\Program Files\Git\cmd;C:\Users\Marco\AppData\Local\Programs\Python\Python311\Scripts;C:\Users\Marco\AppData\Local\Programs\Python\Python311;C:\Users\Marco\AppData\Local\Microsoft\WindowsApps;C:\Users\Marco\AppData\Local\Programs\Microsoft VS Code\bin;C:\Program Files\JetBrains\PyCharm 2022.3.1\bin;C:\Users\Marco\AppData\Local\GitHubDesktop\bin;C:\Windows\system32\config\systemprofile\AppData\Local\Microsoft\WindowsApps;C:\ProgramData\chocolatey\bin;C:\Program Files\nodejs;C:\Program Files\Java\jdk-19\bin;D:\Java\apache-maven-3.9.9\bin;C:\Users\Marco\AppData\Local\Microsoft\WindowsApps;C:\Users\Marco\AppData\Local\Programs\Microsoft VS Code\bin;C:\Program Files\JetBrains\PyCharm 2022.3.1\bin;.;C:\Users\Marco\AppData\Local\GitHubDesktop\bin;C:\Users\Marco\AppData\Local\Programs\Python\Python311\Scripts;C:\Users\Marco\AppData\Roaming\npm;C:\Users\Marco\.bun\bin;C:\Users\Marco\AppData\Local\Microsoft\WinGet\Packages\gptscript-ai.gptscript_Microsoft.Winget.Source_8wekyb3d8bbwe;.;C:\Program Files\Java\jdk-19\bin;."/>
    <property name="java.vm.info" value="mixed mode, sharing"/>
    <property name="stderr.encoding" value="Cp1252"/>
    <property name="java.vendor" value="Oracle Corporation"/>
    <property name="java.vm.version" value="19.0.1+10-21"/>
    <property name="sun.io.unicode.encoding" value="UnicodeLittle"/>
    <property name="java.class.version" value="63.0"/>
  </properties>
  <testcase name="shouldAnswerWithTrue" classname="com.example.kafka.AppTest" time="0.003"/>
</testsuite>